\BOOKMARK [1][-]{section*.2}{\376\377\000A\000b\000s\000t\000r\000a\000c\000t}{}% 1
\BOOKMARK [1][-]{section.1}{\376\377\0001\000\040\000I\000n\000t\000r\000o\000d\000u\000c\000t\000i\000o\000n}{}% 2
\BOOKMARK [1][-]{section.2}{\376\377\0002\000\040\000R\000e\000l\000a\000t\000e\000d\000\040\000w\000o\000r\000k}{}% 3
\BOOKMARK [2][-]{subsection.2.1}{\376\377\0002\000.\0001\000\040\000D\000i\000g\000i\000t\000a\000l\000\040\000f\000a\000b\000r\000i\000c\000a\000t\000i\000o\000n\000\040\000t\000o\000\040\000c\000o\000m\000m\000u\000n\000i\000c\000a\000t\000e\000\040\000C\000H\000\040\000i\000n\000f\000o\000r\000m\000a\000t\000i\000o\000n}{section.2}% 4
\BOOKMARK [2][-]{subsection.2.2}{\376\377\0002\000.\0002\000\040\000D\000e\000s\000i\000g\000n\000\040\000c\000h\000a\000l\000l\000e\000n\000g\000e\000s\000\040\000a\000n\000d\000\040\000r\000e\000l\000e\000v\000a\000n\000t\000\040\000c\000a\000s\000e\000s}{section.2}% 5
\BOOKMARK [1][-]{section.3}{\376\377\0003\000\040\000T\000h\000e\000\040\0003\000D\000\040\000p\000u\000z\000z\000l\000e\000\040\000e\000x\000p\000e\000r\000i\000e\000n\000t\000i\000a\000l\000\040\000f\000r\000a\000m\000e\000w\000o\000r\000k}{}% 6
\BOOKMARK [2][-]{subsection.3.1}{\376\377\0003\000.\0001\000\040\000R\000e\000q\000u\000i\000r\000e\000m\000e\000n\000t\000s\000\040\000f\000o\000r\000\040\000t\000h\000e\000\040\000p\000r\000o\000d\000u\000c\000t\000i\000o\000n\000\040\000o\000f\000\040\000t\000h\000e\000\040\000d\000i\000g\000i\000t\000a\000l\000l\000y\000\040\000f\000a\000b\000r\000i\000c\000a\000t\000e\000d\000\040\0003\000D\000\040\000p\000u\000z\000z\000l\000e}{section.3}% 7
\BOOKMARK [2][-]{subsection.3.2}{\376\377\0003\000.\0002\000\040\000A\000u\000d\000i\000e\000n\000c\000e}{section.3}% 8
\BOOKMARK [1][-]{section.4}{\376\377\0004\000\040\000W\000o\000r\000k\000f\000l\000o\000w\000\040\000f\000o\000r\000\040\000g\000e\000n\000e\000r\000a\000t\000i\000n\000g\000\040\000a\000n\000d\000\040\000f\000a\000b\000r\000i\000c\000a\000t\000i\000n\000g\000\040\000a\000\040\0003\000D\000\040\000p\000u\000z\000z\000l\000e\000\040\000o\000f\000\040\000a\000n\000\040\000a\000r\000c\000h\000a\000e\000o\000l\000o\000g\000i\000c\000a\000l\000\040\000p\000o\000t\000t\000e\000r\000y\000\040\000a\000r\000t\000e\000f\000a\000c\000t}{}% 9
\BOOKMARK [2][-]{subsection.4.1}{\376\377\0004\000.\0001\000\040\000[\000A\000c\000q\000u\000i\000r\000i\000n\000g\000\040\000t\000h\000e\000\040\000d\000i\000g\000i\000t\000a\000l\000\040\0003\000D\000\040\000m\000o\000d\000e\000l\000]\000D\000i\000g\000i\000t\000i\000s\000a\000t\000i\000o\000n\000\040\000a\000n\000d\000\040\000r\000e\000c\000o\000n\000s\000t\000r\000u\000c\000t\000i\000o\000n\000\040\000o\000f\000\040\000t\000h\000e\000\040\000h\000e\000r\000i\000t\000a\000g\000e\000\040\000a\000r\000t\000e\000f\000a\000c\000t}{section.4}% 10
\BOOKMARK [2][-]{subsection.4.2}{\376\377\0004\000.\0002\000\040\000G\000e\000n\000e\000r\000a\000t\000i\000o\000n\000\040\000o\000f\000\040\000f\000r\000a\000c\000t\000u\000r\000e\000\040\000p\000a\000t\000t\000e\000r\000n\000s}{section.4}% 11
\BOOKMARK [2][-]{subsection.4.3}{\376\377\0004\000.\0003\000\040\000G\000e\000n\000e\000r\000a\000t\000i\000n\000g\000\040\000t\000h\000e\000\040\000i\000n\000d\000i\000v\000i\000d\000u\000a\000l\000\040\000p\000u\000z\000z\000l\000e\000\040\000p\000i\000e\000c\000e\000s}{section.4}% 12
\BOOKMARK [2][-]{subsection.4.4}{\376\377\0004\000.\0004\000\040\000G\000e\000n\000e\000r\000a\000t\000i\000n\000g\000\040\000[\000m\000a\000t\000c\000h\000i\000n\000g\000\040\000b\000l\000i\000n\000d\000-\000h\000o\000l\000e\000s\000]\000a\000t\000t\000a\000c\000h\000m\000e\000n\000t\000s\000\040\000b\000o\000t\000h\000\040\000i\000n\000\040\000t\000h\000e\000\040\000c\000o\000r\000e\000\040\000a\000n\000d\000\040\000p\000u\000z\000z\000l\000e\000\040\000p\000i\000e\000c\000e\000s}{section.4}% 13
\BOOKMARK [2][-]{subsection.4.5}{\376\377\0004\000.\0005\000\040\0003\000D\000\040\000p\000r\000i\000n\000t\000i\000n\000g\000\040\000p\000u\000z\000z\000l\000e\000\040\000p\000i\000e\000c\000e\000s\000\040\000a\000n\000d\000\040\000c\000o\000r\000e}{section.4}% 14
\BOOKMARK [2][-]{subsection.4.6}{\376\377\0004\000.\0006\000\040\000P\000o\000s\000t\000-\000p\000r\000o\000c\000e\000s\000s\000i\000n\000g\000\040\000a\000l\000l\000\040\000p\000u\000z\000z\000l\000e\000\040\000p\000i\000e\000c\000e\000s\000\040\000a\000n\000d\000\040\000c\000o\000r\000e}{section.4}% 15
\BOOKMARK [1][-]{section.5}{\376\377\0005\000\040\000R\000e\000s\000u\000l\000t\000s}{}% 16
\BOOKMARK [1][-]{section.6}{\376\377\0006\000\040\000E\000v\000a\000l\000u\000a\000t\000i\000o\000n}{}% 17
\BOOKMARK [1][-]{section.7}{\376\377\0007\000\040\000D\000i\000s\000c\000u\000s\000s\000i\000o\000n\000\040\000a\000n\000d\000\040\000c\000o\000n\000c\000l\000u\000s\000i\000o\000n\000s}{}% 18
\BOOKMARK [1][-]{section.8}{\376\377\0008\000\040\000A\000c\000k\000n\000o\000w\000l\000e\000d\000g\000m\000e\000n\000t\000s}{}% 19
\BOOKMARK [1][-]{section*.17}{\376\377\000R\000e\000f\000e\000r\000e\000n\000c\000e\000s}{}% 20
